<?xml version="1.0" encoding="UTF-8" ?>
<testsuite tests="29" failures="0" name="step_definitions.RunCukesTest" time="0.594" errors="0" skipped="0">
  <properties>
    <property name="idea.version" value="2022.3.1"/>
    <property name="java.runtime.name" value="OpenJDK Runtime Environment"/>
    <property name="sun.boot.library.path" value="/usr/lib/jvm/java-8-openjdk-amd64/jre/lib/amd64"/>
    <property name="java.vm.version" value="25.312-b07"/>
    <property name="java.vm.vendor" value="Private Build"/>
    <property name="maven.multiModuleProjectDirectory" value="/home/iqfar12/IdeaProjects/sauceDemo"/>
    <property name="java.vendor.url" value="http://java.oracle.com/"/>
    <property name="path.separator" value=":"/>
    <property name="guice.disable.misplaced.annotation.check" value="true"/>
    <property name="java.vm.name" value="OpenJDK 64-Bit Server VM"/>
    <property name="file.encoding.pkg" value="sun.io"/>
    <property name="user.country" value="US"/>
    <property name="sun.java.launcher" value="SUN_STANDARD"/>
    <property name="sun.os.patch.level" value="unknown"/>
    <property name="java.vm.specification.name" value="Java Virtual Machine Specification"/>
    <property name="user.dir" value="/home/iqfar12/IdeaProjects/sauceDemo"/>
    <property name="java.runtime.version" value="1.8.0_312-8u312-b07-0ubuntu1~20.04-b07"/>
    <property name="java.awt.graphicsenv" value="sun.awt.X11GraphicsEnvironment"/>
    <property name="java.endorsed.dirs" value="/usr/lib/jvm/java-8-openjdk-amd64/jre/lib/endorsed"/>
    <property name="os.arch" value="amd64"/>
    <property name="java.io.tmpdir" value="/tmp"/>
    <property name="line.separator" value="
"/>
    <property name="java.vm.specification.vendor" value="Oracle Corporation"/>
    <property name="os.name" value="Linux"/>
    <property name="maven.ext.class.path" value="/home/iqfar12/idea-IC-223.8214.52/plugins/maven/lib/maven-event-listener.jar"/>
    <property name="classworlds.conf" value="/home/iqfar12/idea-IC-223.8214.52/plugins/maven/lib/maven3/bin/m2.conf"/>
    <property name="sun.jnu.encoding" value="UTF-8"/>
    <property name="java.library.path" value="/opt/oracle/instantclient:/usr/java/packages/lib/amd64:/usr/lib/x86_64-linux-gnu/jni:/lib/x86_64-linux-gnu:/usr/lib/x86_64-linux-gnu:/usr/lib/jni:/lib:/usr/lib"/>
    <property name="jansi.passthrough" value="true"/>
    <property name="maven.conf" value="/home/iqfar12/idea-IC-223.8214.52/plugins/maven/lib/maven3/conf"/>
    <property name="java.specification.name" value="Java Platform API Specification"/>
    <property name="java.class.version" value="52.0"/>
    <property name="sun.management.compiler" value="HotSpot 64-Bit Tiered Compilers"/>
    <property name="os.version" value="5.4.0-122-generic"/>
    <property name="user.home" value="/home/iqfar12"/>
    <property name="user.timezone" value="Asia/Jakarta"/>
    <property name="java.awt.printerjob" value="sun.print.PSPrinterJob"/>
    <property name="java.specification.version" value="1.8"/>
    <property name="file.encoding" value="UTF-8"/>
    <property name="user.name" value="iqfar12"/>
    <property name="java.class.path" value="/home/iqfar12/idea-IC-223.8214.52/plugins/maven/lib/maven3/boot/plexus-classworlds-2.6.0.jar:/home/iqfar12/idea-IC-223.8214.52/plugins/maven/lib/maven3/boot/plexus-classworlds.license:/home/iqfar12/idea-IC-223.8214.52/lib/idea_rt.jar"/>
    <property name="java.vm.specification.version" value="1.8"/>
    <property name="sun.arch.data.model" value="64"/>
    <property name="java.home" value="/usr/lib/jvm/java-8-openjdk-amd64/jre"/>
    <property name="sun.java.command" value="org.codehaus.classworlds.Launcher -Didea.version=2022.3.1 test"/>
    <property name="java.specification.vendor" value="Oracle Corporation"/>
    <property name="user.language" value="en"/>
    <property name="awt.toolkit" value="sun.awt.X11.XToolkit"/>
    <property name="java.vm.info" value="mixed mode"/>
    <property name="java.version" value="1.8.0_312"/>
    <property name="java.ext.dirs" value="/usr/lib/jvm/java-8-openjdk-amd64/jre/lib/ext:/usr/java/packages/lib/ext"/>
    <property name="securerandom.source" value="file:/dev/./urandom"/>
    <property name="sun.boot.class.path" value="/usr/lib/jvm/java-8-openjdk-amd64/jre/lib/resources.jar:/usr/lib/jvm/java-8-openjdk-amd64/jre/lib/rt.jar:/usr/lib/jvm/java-8-openjdk-amd64/jre/lib/sunrsasign.jar:/usr/lib/jvm/java-8-openjdk-amd64/jre/lib/jsse.jar:/usr/lib/jvm/java-8-openjdk-amd64/jre/lib/jce.jar:/usr/lib/jvm/java-8-openjdk-amd64/jre/lib/charsets.jar:/usr/lib/jvm/java-8-openjdk-amd64/jre/lib/jfr.jar:/usr/lib/jvm/java-8-openjdk-amd64/jre/classes"/>
    <property name="java.vendor" value="Private Build"/>
    <property name="maven.home" value="/home/iqfar12/idea-IC-223.8214.52/plugins/maven/lib/maven3"/>
    <property name="file.separator" value="/"/>
    <property name="java.vendor.url.bug" value="http://bugreport.sun.com/bugreport/"/>
    <property name="sun.cpu.endian" value="little"/>
    <property name="sun.io.unicode.encoding" value="UnicodeLittle"/>
    <property name="sun.desktop" value="gnome"/>
    <property name="sun.cpu.isalist" value=""/>
  </properties>
  <testcase classname="Scenario: Normal login" name="Given user open the website sauce demo" time="0.002"/>
  <testcase classname="Scenario: Normal login" name="When user input &quot;standard_user&quot; as userName and input &quot;secret_sauce&quot; as password" time="0"/>
  <testcase classname="Scenario: Normal login" name="Then User already on landing page" time="0"/>
  <testcase classname="Scenario: Normal login" name="And User sort product list by name z to a" time="0"/>
  <testcase classname="Scenario: Normal login" name="And User pick item Sauce Labs Onesie" time="0"/>
  <testcase classname="Scenario: Normal login" name="And User pick item Test.allTheThings T-Shirt Red" time="0"/>
  <testcase classname="Scenario: Normal login" name="And User Click button &quot;Shopping Cart Badge&quot;" time="0.001"/>
  <testcase classname="Scenario: Normal login" name="And User Remove item Test.allTheThings T-Shirt Red" time="0"/>
  <testcase classname="Scenario: Normal login" name="And User Click button &quot;Checkout&quot;" time="0"/>
  <testcase classname="Scenario: Normal login" name="And User input &quot;first-name&quot; and input &quot;last-name&quot;" time="0"/>
  <testcase classname="Scenario: Normal login" name="And User input &quot;postal-code&quot;" time="0"/>
  <testcase classname="Scenario: Normal login" name="And User Click button &quot;Continue&quot;" time="0"/>
  <testcase classname="Scenario: Normal login" name="And User Click button &quot;Finish&quot;" time="0"/>
  <testcase classname="Scenario: Normal login" name="Scenario: Normal login" time="0.13"/>
  <testcase classname="Scenario: Normal login" name="Given user open the website sauce demo" time="0"/>
  <testcase classname="Scenario: Normal login" name="When user input &quot;standard_user&quot; as userName and input &quot;secret_sauce&quot; as password" time="0"/>
  <testcase classname="Scenario: Normal login" name="Scenario: Normal login" time="0.115"/>
  <testcase classname="| nurul | 123 | Epic sadface: Username and password do not match any user in this services |" name="Given user open the website sauce demo" time="0"/>
  <testcase classname="| nurul | 123 | Epic sadface: Username and password do not match any user in this services |" name="When user input &quot;nurul&quot; as userName and input &quot;123&quot; as password" time="0"/>
  <testcase classname="| nurul | 123 | Epic sadface: Username and password do not match any user in this services |" name="Then User see error &quot;Epic sadface: Username and password do not match any user in this services&quot; as errorText in login page" time="0"/>
  <testcase classname="| nurul | 123 | Epic sadface: Username and password do not match any user in this services |" name="| nurul | 123 | Epic sadface: Username and password do not match any user in this services |" time="0.119"/>
  <testcase classname="| nurul |  | Epic sadface: Password is required |" name="Given user open the website sauce demo" time="0"/>
  <testcase classname="| nurul |  | Epic sadface: Password is required |" name="When user input &quot;nurul&quot; as userName and input &quot;&quot; as password" time="0"/>
  <testcase classname="| nurul |  | Epic sadface: Password is required |" name="Then User see error &quot;Epic sadface: Password is required&quot; as errorText in login page" time="0"/>
  <testcase classname="| nurul |  | Epic sadface: Password is required |" name="| nurul |  | Epic sadface: Password is required |" time="0.116"/>
  <testcase classname="|  | 123 | Epic sadface: Username is required |" name="Given user open the website sauce demo" time="0.001"/>
  <testcase classname="|  | 123 | Epic sadface: Username is required |" name="When user input &quot;&quot; as userName and input &quot;123&quot; as password" time="0"/>
  <testcase classname="|  | 123 | Epic sadface: Username is required |" name="Then User see error &quot;Epic sadface: Username is required&quot; as errorText in login page" time="0.002"/>
  <testcase classname="|  | 123 | Epic sadface: Username is required |" name="|  | 123 | Epic sadface: Username is required |" time="0.108"/>
</testsuite>